<?xml version="1.0" encoding="UTF-8"?>
<coverage generated="1600933503287" clover="3.2.0">
  <project timestamp="1600933503287" name="All files">
    <metrics statements="18" coveredstatements="18" conditionals="8" coveredconditionals="4" methods="6" coveredmethods="6" elements="32" coveredelements="28" complexity="0" loc="18" ncloc="18" packages="1" files="2" classes="2"/>
    <file name="index.ts" path="C:\Ninad\Projects\tavisca\my-first-project\packages\counter\src\index.ts">
      <metrics statements="0" coveredstatements="0" conditionals="0" coveredconditionals="0" methods="0" coveredmethods="0"/>
    </file>
    <file name="orxe-counter.ts" path="C:\Ninad\Projects\tavisca\my-first-project\packages\counter\src\orxe-counter.ts">
      <metrics statements="18" coveredstatements="18" conditionals="8" coveredconditionals="4" methods="6" coveredmethods="6"/>
      <line num="8" count="5" type="stmt"/>
      <line num="9" count="5" type="stmt"/>
      <line num="10" count="5" type="cond" truecount="1" falsecount="1"/>
      <line num="11" count="5" type="stmt"/>
      <line num="12" count="5" type="cond" truecount="1" falsecount="1"/>
      <line num="13" count="5" type="stmt"/>
      <line num="14" count="5" type="cond" truecount="1" falsecount="1"/>
      <line num="22" count="5" type="stmt"/>
      <line num="29" count="5" type="stmt"/>
      <line num="36" count="5" type="stmt"/>
      <line num="42" count="5" type="stmt"/>
      <line num="52" count="1" type="stmt"/>
      <line num="58" count="1" type="stmt"/>
      <line num="73" count="5" type="stmt"/>
      <line num="74" count="5" type="stmt"/>
      <line num="82" count="5" type="stmt"/>
      <line num="87" count="5" type="stmt"/>
      <line num="93" count="2" type="stmt"/>
    </file>
  </project>
</coverage>
