{"C:\\Ninad\\Projects\\tavisca\\my-first-project\\packages\\counter\\src\\index.ts": {"path":"C:\\Ninad\\Projects\\tavisca\\my-first-project\\packages\\counter\\src\\index.ts","statementMap":{},"fnMap":{},"branchMap":{},"s":{},"f":{},"b":{},"_coverageSchema":"1a1c01bbd47fc00a2c39e90264f33305004495a9","hash":"e9bb1e76642b04deaf4f5391c7a806f0d9136be4"}
,"C:\\Ninad\\Projects\\tavisca\\my-first-project\\packages\\counter\\src\\orxe-counter.ts": {"path":"C:\\Ninad\\Projects\\tavisca\\my-first-project\\packages\\counter\\src\\orxe-counter.ts","statementMap":{"0":{"start":{"line":8,"column":4},"end":{"line":8,"column":12}},"1":{"start":{"line":9,"column":16},"end":{"line":9,"column":42}},"2":{"start":{"line":10,"column":4},"end":{"line":10,"column":63}},"3":{"start":{"line":11,"column":14},"end":{"line":11,"column":38}},"4":{"start":{"line":12,"column":4},"end":{"line":12,"column":57}},"5":{"start":{"line":13,"column":14},"end":{"line":13,"column":38}},"6":{"start":{"line":14,"column":4},"end":{"line":14,"column":57}},"7":{"start":{"line":22,"column":10},"end":{"line":22,"column":11}},"8":{"start":{"line":29,"column":8},"end":{"line":29,"column":9}},"9":{"start":{"line":36,"column":8},"end":{"line":36,"column":9}},"10":{"start":{"line":42,"column":4},"end":{"line":64,"column":6}},"11":{"start":{"line":52,"column":32},"end":{"line":52,"column":44}},"12":{"start":{"line":58,"column":32},"end":{"line":58,"column":44}},"13":{"start":{"line":73,"column":4},"end":{"line":73,"column":35}},"14":{"start":{"line":74,"column":4},"end":{"line":74,"column":20}},"15":{"start":{"line":82,"column":16},"end":{"line":86,"column":6}},"16":{"start":{"line":87,"column":4},"end":{"line":87,"column":30}},"17":{"start":{"line":93,"column":18},"end":{"line":93,"column":24}}},"fnMap":{"0":{"name":"(anonymous_0)","decl":{"start":{"line":7,"column":2},"end":{"line":7,"column":3}},"loc":{"start":{"line":7,"column":16},"end":{"line":15,"column":3}},"line":7},"1":{"name":"(anonymous_1)","decl":{"start":{"line":41,"column":2},"end":{"line":41,"column":3}},"loc":{"start":{"line":41,"column":11},"end":{"line":65,"column":3}},"line":41},"2":{"name":"(anonymous_2)","decl":{"start":{"line":52,"column":26},"end":{"line":52,"column":27}},"loc":{"start":{"line":52,"column":32},"end":{"line":52,"column":44}},"line":52},"3":{"name":"(anonymous_3)","decl":{"start":{"line":58,"column":26},"end":{"line":58,"column":27}},"loc":{"start":{"line":58,"column":32},"end":{"line":58,"column":44}},"line":58},"4":{"name":"(anonymous_4)","decl":{"start":{"line":72,"column":2},"end":{"line":72,"column":3}},"loc":{"start":{"line":72,"column":29},"end":{"line":75,"column":3}},"line":72},"5":{"name":"(anonymous_5)","decl":{"start":{"line":81,"column":2},"end":{"line":81,"column":3}},"loc":{"start":{"line":81,"column":14},"end":{"line":88,"column":3}},"line":81}},"branchMap":{"0":{"loc":{"start":{"line":10,"column":17},"end":{"line":10,"column":63}},"type":"cond-expr","locations":[{"start":{"line":10,"column":33},"end":{"line":10,"column":34}},{"start":{"line":10,"column":37},"end":{"line":10,"column":63}}],"line":10},"1":{"loc":{"start":{"line":12,"column":15},"end":{"line":12,"column":57}},"type":"cond-expr","locations":[{"start":{"line":12,"column":29},"end":{"line":12,"column":30}},{"start":{"line":12,"column":33},"end":{"line":12,"column":57}}],"line":12},"2":{"loc":{"start":{"line":14,"column":15},"end":{"line":14,"column":57}},"type":"cond-expr","locations":[{"start":{"line":14,"column":29},"end":{"line":14,"column":30}},{"start":{"line":14,"column":33},"end":{"line":14,"column":57}}],"line":14},"3":{"loc":{"start":{"line":44,"column":4},"end":{"line":49,"column":14}},"type":"cond-expr","locations":[{"start":{"line":45,"column":8},"end":{"line":48,"column":17}},{"start":{"line":49,"column":8},"end":{"line":49,"column":14}}],"line":44}},"s":{"0":5,"1":5,"2":5,"3":5,"4":5,"5":5,"6":5,"7":5,"8":5,"9":5,"10":5,"11":1,"12":1,"13":5,"14":5,"15":5,"16":5,"17":2},"f":{"0":5,"1":5,"2":1,"3":1,"4":5,"5":5},"b":{"0":[5,0],"1":[5,0],"2":[5,0],"3":[0,5]},"_coverageSchema":"1a1c01bbd47fc00a2c39e90264f33305004495a9","hash":"b322996576095f794a7f9c4e8b73631af0b6f49a"}
}
