TN:
SF:src\index.ts
FNF:0
FNH:0
LF:0
LH:0
BRF:0
BRH:0
end_of_record
TN:
SF:src\orxe-counter.ts
FN:7,(anonymous_0)
FN:41,(anonymous_1)
FN:52,(anonymous_2)
FN:58,(anonymous_3)
FN:72,(anonymous_4)
FN:81,(anonymous_5)
FNF:6
FNH:6
FNDA:5,(anonymous_0)
FNDA:5,(anonymous_1)
FNDA:1,(anonymous_2)
FNDA:1,(anonymous_3)
FNDA:5,(anonymous_4)
FNDA:5,(anonymous_5)
DA:8,5
DA:9,5
DA:10,5
DA:11,5
DA:12,5
DA:13,5
DA:14,5
DA:22,5
DA:29,5
DA:36,5
DA:42,5
DA:52,1
DA:58,1
DA:73,5
DA:74,5
DA:82,5
DA:87,5
DA:93,2
LF:18
LH:18
BRDA:10,0,0,5
BRDA:10,0,1,0
BRDA:12,1,0,5
BRDA:12,1,1,0
BRDA:14,2,0,5
BRDA:14,2,1,0
BRDA:44,3,0,0
BRDA:44,3,1,5
BRF:8
BRH:4
end_of_record
